{
  "0 debug pnpm:scope": {
    "selected": 1
  },
  "1 error pnpm": {
    "code": "ELIFECYCLE",
    "errno": "ENOENT",
    "syscall": "spawn",
    "file": "sh",
    "pkgid": "chakra-ui-svelte@0.0.2-next.4",
    "stage": "storybook",
    "script": "start-storybook -p 4000",
    "pkgname": "chakra-ui-svelte",
    "err": {
      "name": "pnpm",
      "message": "chakra-ui-svelte@0.0.2-next.4 storybook: `start-storybook -p 4000`\nspawn ENOENT",
      "code": "ELIFECYCLE",
      "stack": "pnpm: chakra-ui-svelte@0.0.2-next.4 storybook: `start-storybook -p 4000`\nspawn ENOENT\n    at ChildProcess.<anonymous> (/usr/local/lib/node_modules/pnpm/dist/pnpm.cjs:93455:22)\n    at ChildProcess.emit (node:events:527:28)\n    at maybeClose (node:internal/child_process:1092:16)\n    at Process.ChildProcess._handle.onexit (node:internal/child_process:302:5)"
    }
  },
  "2 warn pnpm:global": " Local package.json exists, but node_modules missing, did you mean to install?"
}